# JRE version: OpenJDK Runtime Environment Temurin-21.0.6+7 (21.0.6+7) (build 21.0.6+7-LTS)
# Java VM: OpenJDK 64-Bit Server VM Temurin-21.0.6+7 (21.0.6+7-LTS, mixed mode, sharing, tiered, compressed oops, compressed class ptrs, g1 gc, windows-amd64)
GC Precious Log:
 CardTable entry size: 512
 Card Set container configuration: InlinePtr #cards 5 size 8 Array Of Cards #cards 12 size 40 Howl #buckets 4 coarsen threshold 1843 Howl Bitmap #cards 512 size 80 coarsen threshold 460 Card regions per heap region 1 cards per card region 2048
 CPUs: 8 total, 8 available
 Memory: 7455M
 Large Page Support: Disabled
 NUMA Support: Disabled
 Compressed Oops: Enabled (32-bit)
 Heap Region Size: 1M
 Heap Min Capacity: 8M
 Heap Initial Capacity: 118M
 Heap Max Capacity: 1864M
 Pre-touch: Disabled
 Parallel Workers: 8
 Concurrent Workers: 2
 Concurrent Refinement Workers: 8
 Periodic GC: Disabled
Heap:
 garbage-first heap   total 121856K, used 90482K [0x000000008b800000, 0x0000000100000000)
  region size 1024K, 2 young (2048K), 1 survivors (1024K)
 Metaspace       used 9696K, committed 9984K, reserved 1114112K
  class space    used 989K, committed 1152K, reserved 1048576K
GC Heap History (6 events):
Event: 4.243 GC heap before
{Heap before GC invocations=0 (full 0):
 garbage-first heap   total 120832K, used 15360K [0x000000008b800000, 0x0000000100000000)
  region size 1024K, 17 young (17408K), 0 survivors (0K)
 Metaspace       used 9503K, committed 9856K, reserved 1114112K
  class space    used 975K, committed 1152K, reserved 1048576K
}
Event: 4.247 GC heap after
{Heap after GC invocations=1 (full 0):
 garbage-first heap   total 120832K, used 3304K [0x000000008b800000, 0x0000000100000000)
  region size 1024K, 3 young (3072K), 3 survivors (3072K)
 Metaspace       used 9503K, committed 9856K, reserved 1114112K
  class space    used 975K, committed 1152K, reserved 1048576K
}
Event: 4.438 GC heap before
{Heap before GC invocations=1 (full 0):
 garbage-first heap   total 120832K, used 115944K [0x000000008b800000, 0x0000000100000000)
  region size 1024K, 29 young (29696K), 3 survivors (3072K)
 Metaspace       used 9696K, committed 9984K, reserved 1114112K
  class space    used 989K, committed 1152K, reserved 1048576K
}
Event: 4.441 GC heap after
{Heap after GC invocations=2 (full 0):
 garbage-first heap   total 121856K, used 90915K [0x000000008b800000, 0x0000000100000000)
  region size 1024K, 1 young (1024K), 1 survivors (1024K)
 Metaspace       used 9696K, committed 9984K, reserved 1114112K
  class space    used 989K, committed 1152K, reserved 1048576K
}
Event: 4.564 GC heap before
{Heap before GC invocations=2 (full 0):
 garbage-first heap   total 121856K, used 110371K [0x000000008b800000, 0x0000000100000000)
  region size 1024K, 21 young (21504K), 1 survivors (1024K)
 Metaspace       used 9696K, committed 9984K, reserved 1114112K
  class space    used 989K, committed 1152K, reserved 1048576K
}
Event: 4.565 GC heap after
{Heap after GC invocations=3 (full 0):
 garbage-first heap   total 121856K, used 90482K [0x000000008b800000, 0x0000000100000000)
  region size 1024K, 1 young (1024K), 1 survivors (1024K)
 Metaspace       used 9696K, committed 9984K, reserved 1114112K
  class space    used 989K, committed 1152K, reserved 1048576K
}

